This is pdfTeX, Version 3.141592653-2.6-1.40.29 (TeX Live 2026) (preloaded format=pdflatex 2026.3.9)  27 MAR 2026 22:02
entering extended mode
 restricted \write18 enabled.
 %&-line parsing enabled.
**nsa_report.tex
(./nsa_report.tex
LaTeX2e <2025-11-01>
L3 programming layer <2026-01-19>
(/Users/yentlcollin/Library/TinyTeX/texmf-dist/tex/latex/base/article.cls
Document Class: article 2025/01/22 v1.4n Standard LaTeX document class
(/Users/yentlcollin/Library/TinyTeX/texmf-dist/tex/latex/base/size10.clo
File: size10.clo 2025/01/22 v1.4n Standard LaTeX file (size option)
)
\c@part=\count275
\c@section=\count276
\c@subsection=\count277
\c@subsubsection=\count278
\c@paragraph=\count279
\c@subparagraph=\count280
\c@figure=\count281
\c@table=\count282
\abovecaptionskip=\skip49
\belowcaptionskip=\skip50
\bibindent=\dimen148
) (/Users/yentlcollin/Library/TinyTeX/texmf-dist/tex/latex/geometry/geometry.sty
Package: geometry 2026/03/07 v6.0 Page Geometry
 (/Users/yentlcollin/Library/TinyTeX/texmf-dist/tex/latex/graphics/keyval.sty
Package: keyval 2022/05/29 v1.15 key=value parser (DPC)
\KV@toks@=\toks17
) (/Users/yentlcollin/Library/TinyTeX/texmf-dist/tex/generic/iftex/ifvtex.sty
Package: ifvtex 2019/10/25 v1.7 ifvtex legacy package. Use iftex instead.
 (/Users/yentlcollin/Library/TinyTeX/texmf-dist/tex/generic/iftex/iftex.sty
Package: iftex 2024/12/12 v1.0g TeX engine tests
))
\Gm@cnth=\count283
\Gm@cntv=\count284
\c@Gm@tempcnt=\count285
\Gm@bindingoffset=\dimen149
\Gm@wd@mp=\dimen150
\Gm@odd@mp=\dimen151
\Gm@even@mp=\dimen152
\Gm@layoutwidth=\dimen153
\Gm@layoutheight=\dimen154
\Gm@layouthoffset=\dimen155
\Gm@layoutvoffset=\dimen156
\Gm@dimlist=\toks18
) (/Users/yentlcollin/Library/TinyTeX/texmf-dist/tex/latex/lm/lmodern.sty
Package: lmodern 2015/05/01 v1.6.1 Latin Modern Fonts
LaTeX Font Info:    Overwriting symbol font `operators' in version `normal'
(Font)                  OT1/cmr/m/n --> OT1/lmr/m/n on input line 22.
LaTeX Font Info:    Overwriting symbol font `letters' in version `normal'
(Font)                  OML/cmm/m/it --> OML/lmm/m/it on input line 23.
LaTeX Font Info:    Overwriting symbol font `symbols' in version `normal'
(Font)                  OMS/cmsy/m/n --> OMS/lmsy/m/n on input line 24.
LaTeX Font Info:    Overwriting symbol font `largesymbols' in version `normal'
(Font)                  OMX/cmex/m/n --> OMX/lmex/m/n on input line 25.
LaTeX Font Info:    Overwriting symbol font `operators' in version `bold'
(Font)                  OT1/cmr/bx/n --> OT1/lmr/bx/n on input line 26.
LaTeX Font Info:    Overwriting symbol font `letters' in version `bold'
(Font)                  OML/cmm/b/it --> OML/lmm/b/it on input line 27.
LaTeX Font Info:    Overwriting symbol font `symbols' in version `bold'
(Font)                  OMS/cmsy/b/n --> OMS/lmsy/b/n on input line 28.
LaTeX Font Info:    Overwriting symbol font `largesymbols' in version `bold'
(Font)                  OMX/cmex/m/n --> OMX/lmex/m/n on input line 29.
LaTeX Font Info:    Overwriting math alphabet `\mathbf' in version `normal'
(Font)                  OT1/cmr/bx/n --> OT1/lmr/bx/n on input line 31.
LaTeX Font Info:    Overwriting math alphabet `\mathsf' in version `normal'
(Font)                  OT1/cmss/m/n --> OT1/lmss/m/n on input line 32.
LaTeX Font Info:    Overwriting math alphabet `\mathit' in version `normal'
(Font)                  OT1/cmr/m/it --> OT1/lmr/m/it on input line 33.
LaTeX Font Info:    Overwriting math alphabet `\mathtt' in version `normal'
(Font)                  OT1/cmtt/m/n --> OT1/lmtt/m/n on input line 34.
LaTeX Font Info:    Overwriting math alphabet `\mathbf' in version `bold'
(Font)                  OT1/cmr/bx/n --> OT1/lmr/bx/n on input line 35.
LaTeX Font Info:    Overwriting math alphabet `\mathsf' in version `bold'
(Font)                  OT1/cmss/bx/n --> OT1/lmss/bx/n on input line 36.
LaTeX Font Info:    Overwriting math alphabet `\mathit' in version `bold'
(Font)                  OT1/cmr/bx/it --> OT1/lmr/bx/it on input line 37.
LaTeX Font Info:    Overwriting math alphabet `\mathtt' in version `bold'
(Font)                  OT1/cmtt/m/n --> OT1/lmtt/m/n on input line 38.
) (/Users/yentlcollin/Library/TinyTeX/texmf-dist/tex/latex/graphics/graphicx.sty
Package: graphicx 2024/12/31 v1.2e Enhanced LaTeX Graphics (DPC,SPQR)
 (/Users/yentlcollin/Library/TinyTeX/texmf-dist/tex/latex/graphics/graphics.sty
Package: graphics 2024/08/06 v1.4g Standard LaTeX Graphics (DPC,SPQR)
 (/Users/yentlcollin/Library/TinyTeX/texmf-dist/tex/latex/graphics/trig.sty
Package: trig 2023/12/02 v1.11 sin cos tan (DPC)
) (/Users/yentlcollin/Library/TinyTeX/texmf-dist/tex/latex/graphics-cfg/graphics.cfg
File: graphics.cfg 2016/06/04 v1.11 sample graphics configuration
)
Package graphics Info: Driver file: pdftex.def on input line 106.
 (/Users/yentlcollin/Library/TinyTeX/texmf-dist/tex/latex/graphics-def/pdftex.def
File: pdftex.def 2025/09/29 v1.2d Graphics/color driver for pdftex
))
\Gin@req@height=\dimen157
\Gin@req@width=\dimen158
) (/Users/yentlcollin/Library/TinyTeX/texmf-dist/tex/latex/amsmath/amsmath.sty
Package: amsmath 2025/07/09 v2.17z AMS math features
\@mathmargin=\skip51

For additional information on amsmath, use the `?' option.
(/Users/yentlcollin/Library/TinyTeX/texmf-dist/tex/latex/amsmath/amstext.sty
Package: amstext 2024/11/17 v2.01 AMS text
 (/Users/yentlcollin/Library/TinyTeX/texmf-dist/tex/latex/amsmath/amsgen.sty
File: amsgen.sty 1999/11/30 v2.0 generic functions
\@emptytoks=\toks19
\ex@=\dimen159
)) (/Users/yentlcollin/Library/TinyTeX/texmf-dist/tex/latex/amsmath/amsbsy.sty
Package: amsbsy 1999/11/29 v1.2d Bold Symbols
\pmbraise@=\dimen160
) (/Users/yentlcollin/Library/TinyTeX/texmf-dist/tex/latex/amsmath/amsopn.sty
Package: amsopn 2022/04/08 v2.04 operator names
)
\inf@bad=\count286
LaTeX Info: Redefining \frac on input line 233.
\uproot@=\count287
\leftroot@=\count288
LaTeX Info: Redefining \overline on input line 398.
LaTeX Info: Redefining \colon on input line 409.
\classnum@=\count289
\DOTSCASE@=\count290
LaTeX Info: Redefining \ldots on input line 495.
LaTeX Info: Redefining \dots on input line 498.
LaTeX Info: Redefining \cdots on input line 619.
\Mathstrutbox@=\box53
\strutbox@=\box54
LaTeX Info: Redefining \big on input line 721.
LaTeX Info: Redefining \Big on input line 722.
LaTeX Info: Redefining \bigg on input line 723.
LaTeX Info: Redefining \Bigg on input line 724.
\big@size=\dimen161
LaTeX Font Info:    Redeclaring font encoding OML on input line 742.
LaTeX Font Info:    Redeclaring font encoding OMS on input line 743.
\macc@depth=\count291
LaTeX Info: Redefining \bmod on input line 904.
LaTeX Info: Redefining \pmod on input line 909.
LaTeX Info: Redefining \smash on input line 939.
LaTeX Info: Redefining \relbar on input line 969.
LaTeX Info: Redefining \Relbar on input line 970.
\c@MaxMatrixCols=\count292
\dotsspace@=\muskip17
\c@parentequation=\count293
\dspbrk@lvl=\count294
\tag@help=\toks20
\row@=\count295
\column@=\count296
\maxfields@=\count297
\andhelp@=\toks21
\eqnshift@=\dimen162
\alignsep@=\dimen163
\tagshift@=\dimen164
\tagwidth@=\dimen165
\totwidth@=\dimen166
\lineht@=\dimen167
\@envbody=\toks22
\multlinegap=\skip52
\multlinetaggap=\skip53
\mathdisplay@stack=\toks23
LaTeX Info: Redefining \[ on input line 2950.
LaTeX Info: Redefining \] on input line 2951.
) (/Users/yentlcollin/Library/TinyTeX/texmf-dist/tex/latex/amsfonts/amssymb.sty
Package: amssymb 2013/01/14 v3.01 AMS font symbols
 (/Users/yentlcollin/Library/TinyTeX/texmf-dist/tex/latex/amsfonts/amsfonts.sty
Package: amsfonts 2013/01/14 v3.01 Basic AMSFonts support
\symAMSa=\mathgroup4
\symAMSb=\mathgroup5
LaTeX Font Info:    Redeclaring math symbol \hbar on input line 98.
LaTeX Font Info:    Overwriting math alphabet `\mathfrak' in version `bold'
(Font)                  U/euf/m/n --> U/euf/b/n on input line 106.
)) (/Users/yentlcollin/Library/TinyTeX/texmf-dist/tex/latex/booktabs/booktabs.sty
Package: booktabs 2020/01/12 v1.61803398 Publication quality tables
\heavyrulewidth=\dimen168
\lightrulewidth=\dimen169
\cmidrulewidth=\dimen170
\belowrulesep=\dimen171
\belowbottomsep=\dimen172
\aboverulesep=\dimen173
\abovetopsep=\dimen174
\cmidrulesep=\dimen175
\cmidrulekern=\dimen176
\defaultaddspace=\dimen177
\@cmidla=\count298
\@cmidlb=\count299
\@aboverulesep=\dimen178
\@belowrulesep=\dimen179
\@thisruleclass=\count300
\@lastruleclass=\count301
\@thisrulewidth=\dimen180
) (/Users/yentlcollin/Library/TinyTeX/texmf-dist/tex/latex/xcolor/xcolor.sty
Package: xcolor 2024/09/29 v3.02 LaTeX color extensions (UK)
 (/Users/yentlcollin/Library/TinyTeX/texmf-dist/tex/latex/graphics-cfg/color.cfg
File: color.cfg 2016/01/02 v1.6 sample color configuration
)
Package xcolor Info: Driver file: pdftex.def on input line 274.
 (/Users/yentlcollin/Library/TinyTeX/texmf-dist/tex/latex/graphics/mathcolor.ltx)
Package xcolor Info: Model `cmy' substituted by `cmy0' on input line 1349.
Package xcolor Info: Model `hsb' substituted by `rgb' on input line 1353.
Package xcolor Info: Model `RGB' extended on input line 1365.
Package xcolor Info: Model `HTML' substituted by `rgb' on input line 1367.
Package xcolor Info: Model `Hsb' substituted by `hsb' on input line 1368.
Package xcolor Info: Model `tHsb' substituted by `hsb' on input line 1369.
Package xcolor Info: Model `HSB' substituted by `hsb' on input line 1370.
Package xcolor Info: Model `Gray' substituted by `gray' on input line 1371.
Package xcolor Info: Model `wave' substituted by `hsb' on input line 1372.
) (/Users/yentlcollin/Library/TinyTeX/texmf-dist/tex/latex/hyperref/hyperref.sty
Package: hyperref 2026-01-29 v7.01p Hypertext links for LaTeX
 (/Users/yentlcollin/Library/TinyTeX/texmf-dist/tex/latex/kvsetkeys/kvsetkeys.sty
Package: kvsetkeys 2022-10-05 v1.19 Key value parser (HO)
) (/Users/yentlcollin/Library/TinyTeX/texmf-dist/tex/generic/kvdefinekeys/kvdefinekeys.sty
Package: kvdefinekeys 2019-12-19 v1.6 Define keys (HO)
) (/Users/yentlcollin/Library/TinyTeX/texmf-dist/tex/generic/pdfescape/pdfescape.sty
Package: pdfescape 2019/12/09 v1.15 Implements pdfTeX's escape features (HO)
 (/Users/yentlcollin/Library/TinyTeX/texmf-dist/tex/generic/ltxcmds/ltxcmds.sty
Package: ltxcmds 2023-12-04 v1.26 LaTeX kernel commands for general use (HO)
) (/Users/yentlcollin/Library/TinyTeX/texmf-dist/tex/generic/pdftexcmds/pdftexcmds.sty
Package: pdftexcmds 2020-06-27 v0.33 Utility functions of pdfTeX for LuaTeX (HO)
 (/Users/yentlcollin/Library/TinyTeX/texmf-dist/tex/generic/infwarerr/infwarerr.sty
Package: infwarerr 2019/12/03 v1.5 Providing info/warning/error messages (HO)
)
Package pdftexcmds Info: \pdf@primitive is available.
Package pdftexcmds Info: \pdf@ifprimitive is available.
Package pdftexcmds Info: \pdfdraftmode found.
)) (/Users/yentlcollin/Library/TinyTeX/texmf-dist/tex/latex/hycolor/hycolor.sty
Package: hycolor 2020-01-27 v1.10 Color options for hyperref/bookmark (HO)
) (/Users/yentlcollin/Library/TinyTeX/texmf-dist/tex/latex/hyperref/nameref.sty
Package: nameref 2026-01-29 v2.58 Cross-referencing by name of section
 (/Users/yentlcollin/Library/TinyTeX/texmf-dist/tex/latex/refcount/refcount.sty
Package: refcount 2019/12/15 v3.6 Data extraction from label references (HO)
) (/Users/yentlcollin/Library/TinyTeX/texmf-dist/tex/generic/gettitlestring/gettitlestring.sty
Package: gettitlestring 2019/12/15 v1.6 Cleanup title references (HO)
 (/Users/yentlcollin/Library/TinyTeX/texmf-dist/tex/latex/kvoptions/kvoptions.sty
Package: kvoptions 2022-06-15 v3.15 Key value format for package options (HO)
))
\c@section@level=\count302
) (/Users/yentlcollin/Library/TinyTeX/texmf-dist/tex/latex/etoolbox/etoolbox.sty
Package: etoolbox 2025/10/02 v2.5m e-TeX tools for LaTeX (JAW)
\etb@tempcnta=\count303
) (/Users/yentlcollin/Library/TinyTeX/texmf-dist/tex/generic/stringenc/stringenc.sty
Package: stringenc 2019/11/29 v1.12 Convert strings between diff. encodings (HO)
)
\@linkdim=\dimen181
\Hy@linkcounter=\count304
\Hy@pagecounter=\count305
 (/Users/yentlcollin/Library/TinyTeX/texmf-dist/tex/latex/hyperref/pd1enc.def
File: pd1enc.def 2026-01-29 v7.01p Hyperref: PDFDocEncoding definition (HO)
Now handling font encoding PD1 ...
... no UTF-8 mapping file for font encoding PD1
) (/Users/yentlcollin/Library/TinyTeX/texmf-dist/tex/generic/intcalc/intcalc.sty
Package: intcalc 2019/12/15 v1.3 Expandable calculations with integers (HO)
)
\Hy@SavedSpaceFactor=\count306
 (/Users/yentlcollin/Library/TinyTeX/texmf-dist/tex/latex/hyperref/puenc.def
File: puenc.def 2026-01-29 v7.01p Hyperref: PDF Unicode definition (HO)
Now handling font encoding PU ...
... no UTF-8 mapping file for font encoding PU
)
Package hyperref Info: Hyper figures OFF on input line 4201.
Package hyperref Info: Link nesting OFF on input line 4206.
Package hyperref Info: Hyper index ON on input line 4209.
Package hyperref Info: Plain pages OFF on input line 4216.
Package hyperref Info: Backreferencing OFF on input line 4221.
Package hyperref Info: Implicit mode ON; LaTeX internals redefined.
Package hyperref Info: Bookmarks ON on input line 4468.
\c@Hy@tempcnt=\count307
 (/Users/yentlcollin/Library/TinyTeX/texmf-dist/tex/latex/url/url.sty
\Urlmuskip=\muskip18
Package: url 2013/09/16  ver 3.4  Verb mode for urls, etc.
)
LaTeX Info: Redefining \url on input line 4807.
\XeTeXLinkMargin=\dimen182
 (/Users/yentlcollin/Library/TinyTeX/texmf-dist/tex/generic/bitset/bitset.sty
Package: bitset 2019/12/09 v1.3 Handle bit-vector datatype (HO)
 (/Users/yentlcollin/Library/TinyTeX/texmf-dist/tex/generic/bigintcalc/bigintcalc.sty
Package: bigintcalc 2019/12/15 v1.5 Expandable calculations on big integers (HO)
))
\Fld@menulength=\count308
\Field@Width=\dimen183
\Fld@charsize=\dimen184
Package hyperref Info: Hyper figures OFF on input line 6084.
Package hyperref Info: Link nesting OFF on input line 6089.
Package hyperref Info: Hyper index ON on input line 6092.
Package hyperref Info: backreferencing OFF on input line 6099.
Package hyperref Info: Link coloring OFF on input line 6104.
Package hyperref Info: Link coloring with OCG OFF on input line 6109.
Package hyperref Info: PDF/A mode OFF on input line 6114.
\Hy@abspage=\count309
\c@Item=\count310
\c@Hfootnote=\count311
)
Package hyperref Info: Driver (autodetected): hpdftex.
 (/Users/yentlcollin/Library/TinyTeX/texmf-dist/tex/latex/hyperref/hpdftex.def
File: hpdftex.def 2026-01-29 v7.01p Hyperref driver for pdfTeX
\Fld@listcount=\count312
\c@bookmark@seq@number=\count313
 (/Users/yentlcollin/Library/TinyTeX/texmf-dist/tex/latex/rerunfilecheck/rerunfilecheck.sty
Package: rerunfilecheck 2025-06-21 v1.11 Rerun checks for auxiliary files (HO)
 (/Users/yentlcollin/Library/TinyTeX/texmf-dist/tex/generic/uniquecounter/uniquecounter.sty
Package: uniquecounter 2019/12/15 v1.4 Provide unlimited unique counter (HO)
)
Package uniquecounter Info: New unique counter `rerunfilecheck' on input line 284.
)
\Hy@SectionHShift=\skip54
) (/Users/yentlcollin/Library/TinyTeX/texmf-dist/tex/latex/microtype/microtype.sty
Package: microtype 2026/03/01 v3.2d Micro-typographical refinements (RS)
\MT@toks=\toks24
\MT@tempbox=\box55
\MT@count=\count314
LaTeX Info: Redefining \noprotrusionifhmode on input line 1084.
LaTeX Info: Redefining \leftprotrusion on input line 1085.
\MT@prot@toks=\toks25
LaTeX Info: Redefining \rightprotrusion on input line 1104.
LaTeX Info: Redefining \textls on input line 1449.
\MT@outer@kern=\dimen185
LaTeX Info: Redefining \microtypecontext on input line 2053.
LaTeX Info: Redefining \textmicrotypecontext on input line 2070.
\MT@listname@count=\count315
 (/Users/yentlcollin/Library/TinyTeX/texmf-dist/tex/latex/microtype/microtype-pdftex.def
File: microtype-pdftex.def 2026/03/01 v3.2d Definitions specific to pdftex (RS)
LaTeX Info: Redefining \lsstyle on input line 944.
LaTeX Info: Redefining \lslig on input line 944.
\MT@outer@space=\skip55
)
Package microtype Info: Loading configuration file microtype.cfg.
 (/Users/yentlcollin/Library/TinyTeX/texmf-dist/tex/latex/microtype/microtype.cfg
File: microtype.cfg 2026/03/01 v3.2d microtype main configuration file (RS)
)
LaTeX Info: Redefining \microtypesetup on input line 3065.
) (/Users/yentlcollin/Library/TinyTeX/texmf-dist/tex/latex/caption/caption.sty
Package: caption 2023/08/05 v3.6o Customizing captions (AR)
 (/Users/yentlcollin/Library/TinyTeX/texmf-dist/tex/latex/caption/caption3.sty
Package: caption3 2023/07/31 v2.4d caption3 kernel (AR)
\caption@tempdima=\dimen186
\captionmargin=\dimen187
\caption@leftmargin=\dimen188
\caption@rightmargin=\dimen189
\caption@width=\dimen190
\caption@indent=\dimen191
\caption@parindent=\dimen192
\caption@hangindent=\dimen193
Package caption Info: Standard document class detected.
)
\c@caption@flags=\count316
\c@continuedfloat=\count317
Package caption Info: hyperref package is loaded.
) (/Users/yentlcollin/Library/TinyTeX/texmf-dist/tex/latex/caption/subcaption.sty
Package: subcaption 2023/07/28 v1.6b Sub-captions (AR)
Package caption Info: New subtype `subfigure' on input line 238.
\c@subfigure=\count318
Package caption Info: New subtype `subtable' on input line 238.
\c@subtable=\count319
) (/Users/yentlcollin/Library/TinyTeX/texmf-dist/tex/latex/pgf/frontendlayer/tikz.sty (/Users/yentlcollin/Library/TinyTeX/texmf-dist/tex/latex/pgf/basiclayer/pgf.sty (/Users/yentlcollin/Library/TinyTeX/texmf-dist/tex/latex/pgf/utilities/pgfrcs.sty (/Users/yentlcollin/Library/TinyTeX/texmf-dist/tex/generic/pgf/utilities/pgfutil-common.tex
\pgfutil@everybye=\toks26
\pgfutil@tempdima=\dimen194
\pgfutil@tempdimb=\dimen195
) (/Users/yentlcollin/Library/TinyTeX/texmf-dist/tex/generic/pgf/utilities/pgfutil-latex.def
\pgfutil@abb=\box56
) (/Users/yentlcollin/Library/TinyTeX/texmf-dist/tex/generic/pgf/utilities/pgfrcs.code.tex (/Users/yentlcollin/Library/TinyTeX/texmf-dist/tex/generic/pgf/pgf.revision.tex)
Package: pgfrcs 2025-08-29 v3.1.11a (3.1.11a)
))
Package: pgf 2025-08-29 v3.1.11a (3.1.11a)
 (/Users/yentlcollin/Library/TinyTeX/texmf-dist/tex/latex/pgf/basiclayer/pgfcore.sty (/Users/yentlcollin/Library/TinyTeX/texmf-dist/tex/latex/pgf/systemlayer/pgfsys.sty (/Users/yentlcollin/Library/TinyTeX/texmf-dist/tex/generic/pgf/systemlayer/pgfsys.code.tex
Package: pgfsys 2025-08-29 v3.1.11a (3.1.11a)
 (/Users/yentlcollin/Library/TinyTeX/texmf-dist/tex/generic/pgf/utilities/pgfkeys.code.tex
\pgfkeys@pathtoks=\toks27
\pgfkeys@temptoks=\toks28
 (/Users/yentlcollin/Library/TinyTeX/texmf-dist/tex/generic/pgf/utilities/pgfkeyslibraryfiltered.code.tex
\pgfkeys@tmptoks=\toks29
))
\pgf@x=\dimen196
\pgf@y=\dimen197
\pgf@xa=\dimen198
\pgf@ya=\dimen199
\pgf@xb=\dimen256
\pgf@yb=\dimen257
\pgf@xc=\dimen258
\pgf@yc=\dimen259
\pgf@xd=\dimen260
\pgf@yd=\dimen261
\w@pgf@writea=\write3
\r@pgf@reada=\read2
\c@pgf@counta=\count320
\c@pgf@countb=\count321
\c@pgf@countc=\count322
\c@pgf@countd=\count323
\t@pgf@toka=\toks30
\t@pgf@tokb=\toks31
\t@pgf@tokc=\toks32
\pgf@sys@id@count=\count324
 (/Users/yentlcollin/Library/TinyTeX/texmf-dist/tex/generic/pgf/systemlayer/pgf.cfg
File: pgf.cfg 2025-08-29 v3.1.11a (3.1.11a)
)
Driver file for pgf: pgfsys-pdftex.def
 (/Users/yentlcollin/Library/TinyTeX/texmf-dist/tex/generic/pgf/systemlayer/pgfsys-pdftex.def
File: pgfsys-pdftex.def 2025-08-29 v3.1.11a (3.1.11a)
 (/Users/yentlcollin/Library/TinyTeX/texmf-dist/tex/generic/pgf/systemlayer/pgfsys-common-pdf.def
File: pgfsys-common-pdf.def 2025-08-29 v3.1.11a (3.1.11a)
))) (/Users/yentlcollin/Library/TinyTeX/texmf-dist/tex/generic/pgf/systemlayer/pgfsyssoftpath.code.tex
File: pgfsyssoftpath.code.tex 2025-08-29 v3.1.11a (3.1.11a)
\pgfsyssoftpath@smallbuffer@items=\count325
\pgfsyssoftpath@bigbuffer@items=\count326
) (/Users/yentlcollin/Library/TinyTeX/texmf-dist/tex/generic/pgf/systemlayer/pgfsysprotocol.code.tex
File: pgfsysprotocol.code.tex 2025-08-29 v3.1.11a (3.1.11a)
)) (/Users/yentlcollin/Library/TinyTeX/texmf-dist/tex/generic/pgf/basiclayer/pgfcore.code.tex
Package: pgfcore 2025-08-29 v3.1.11a (3.1.11a)
 (/Users/yentlcollin/Library/TinyTeX/texmf-dist/tex/generic/pgf/math/pgfmath.code.tex (/Users/yentlcollin/Library/TinyTeX/texmf-dist/tex/generic/pgf/math/pgfmathutil.code.tex) (/Users/yentlcollin/Library/TinyTeX/texmf-dist/tex/generic/pgf/math/pgfmathparser.code.tex
\pgfmath@dimen=\dimen262
\pgfmath@count=\count327
\pgfmath@box=\box57
\pgfmath@toks=\toks33
\pgfmath@stack@operand=\toks34
\pgfmath@stack@operation=\toks35
) (/Users/yentlcollin/Library/TinyTeX/texmf-dist/tex/generic/pgf/math/pgfmathfunctions.code.tex) (/Users/yentlcollin/Library/TinyTeX/texmf-dist/tex/generic/pgf/math/pgfmathfunctions.basic.code.tex) (/Users/yentlcollin/Library/TinyTeX/texmf-dist/tex/generic/pgf/math/pgfmathfunctions.trigonometric.code.tex) (/Users/yentlcollin/Library/TinyTeX/texmf-dist/tex/generic/pgf/math/pgfmathfunctions.random.code.tex) (/Users/yentlcollin/Library/TinyTeX/texmf-dist/tex/generic/pgf/math/pgfmathfunctions.comparison.code.tex) (/Users/yentlcollin/Library/TinyTeX/texmf-dist/tex/generic/pgf/math/pgfmathfunctions.base.code.tex) (/Users/yentlcollin/Library/TinyTeX/texmf-dist/tex/generic/pgf/math/pgfmathfunctions.round.code.tex) (/Users/yentlcollin/Library/TinyTeX/texmf-dist/tex/generic/pgf/math/pgfmathfunctions.misc.code.tex) (/Users/yentlcollin/Library/TinyTeX/texmf-dist/tex/generic/pgf/math/pgfmathfunctions.integerarithmetics.code.tex) (/Users/yentlcollin/Library/TinyTeX/texmf-dist/tex/generic/pgf/math/pgfmathcalc.code.tex) (/Users/yentlcollin/Library/TinyTeX/texmf-dist/tex/generic/pgf/math/pgfmathfloat.code.tex
\c@pgfmathroundto@lastzeros=\count328
)) (/Users/yentlcollin/Library/TinyTeX/texmf-dist/tex/generic/pgf/math/pgfint.code.tex) (/Users/yentlcollin/Library/TinyTeX/texmf-dist/tex/generic/pgf/basiclayer/pgfcorepoints.code.tex
File: pgfcorepoints.code.tex 2025-08-29 v3.1.11a (3.1.11a)
\pgf@picminx=\dimen263
\pgf@picmaxx=\dimen264
\pgf@picminy=\dimen265
\pgf@picmaxy=\dimen266
\pgf@pathminx=\dimen267
\pgf@pathmaxx=\dimen268
\pgf@pathminy=\dimen269
\pgf@pathmaxy=\dimen270
\pgf@xx=\dimen271
\pgf@xy=\dimen272
\pgf@yx=\dimen273
\pgf@yy=\dimen274
\pgf@zx=\dimen275
\pgf@zy=\dimen276
) (/Users/yentlcollin/Library/TinyTeX/texmf-dist/tex/generic/pgf/basiclayer/pgfcorepathconstruct.code.tex
File: pgfcorepathconstruct.code.tex 2025-08-29 v3.1.11a (3.1.11a)
\pgf@path@lastx=\dimen277
\pgf@path@lasty=\dimen278
) (/Users/yentlcollin/Library/TinyTeX/texmf-dist/tex/generic/pgf/basiclayer/pgfcorepathusage.code.tex
File: pgfcorepathusage.code.tex 2025-08-29 v3.1.11a (3.1.11a)
\pgf@shorten@end@additional=\dimen279
\pgf@shorten@start@additional=\dimen280
) (/Users/yentlcollin/Library/TinyTeX/texmf-dist/tex/generic/pgf/basiclayer/pgfcorescopes.code.tex
File: pgfcorescopes.code.tex 2025-08-29 v3.1.11a (3.1.11a)
\pgfpic=\box58
\pgf@hbox=\box59
\pgf@layerbox@main=\box60
\pgf@picture@serial@count=\count329
) (/Users/yentlcollin/Library/TinyTeX/texmf-dist/tex/generic/pgf/basiclayer/pgfcoregraphicstate.code.tex
File: pgfcoregraphicstate.code.tex 2025-08-29 v3.1.11a (3.1.11a)
\pgflinewidth=\dimen281
) (/Users/yentlcollin/Library/TinyTeX/texmf-dist/tex/generic/pgf/basiclayer/pgfcoretransformations.code.tex
File: pgfcoretransformations.code.tex 2025-08-29 v3.1.11a (3.1.11a)
\pgf@pt@x=\dimen282
\pgf@pt@y=\dimen283
\pgf@pt@temp=\dimen284
) (/Users/yentlcollin/Library/TinyTeX/texmf-dist/tex/generic/pgf/basiclayer/pgfcorequick.code.tex
File: pgfcorequick.code.tex 2025-08-29 v3.1.11a (3.1.11a)
) (/Users/yentlcollin/Library/TinyTeX/texmf-dist/tex/generic/pgf/basiclayer/pgfcoreobjects.code.tex
File: pgfcoreobjects.code.tex 2025-08-29 v3.1.11a (3.1.11a)
) (/Users/yentlcollin/Library/TinyTeX/texmf-dist/tex/generic/pgf/basiclayer/pgfcorepathprocessing.code.tex
File: pgfcorepathprocessing.code.tex 2025-08-29 v3.1.11a (3.1.11a)
) (/Users/yentlcollin/Library/TinyTeX/texmf-dist/tex/generic/pgf/basiclayer/pgfcorearrows.code.tex
File: pgfcorearrows.code.tex 2025-08-29 v3.1.11a (3.1.11a)
\pgfarrowsep=\dimen285
) (/Users/yentlcollin/Library/TinyTeX/texmf-dist/tex/generic/pgf/basiclayer/pgfcoreshade.code.tex
File: pgfcoreshade.code.tex 2025-08-29 v3.1.11a (3.1.11a)
\pgf@max=\dimen286
\pgf@sys@shading@range@num=\count330
\pgf@shadingcount=\count331
) (/Users/yentlcollin/Library/TinyTeX/texmf-dist/tex/generic/pgf/basiclayer/pgfcoreimage.code.tex
File: pgfcoreimage.code.tex 2025-08-29 v3.1.11a (3.1.11a)
) (/Users/yentlcollin/Library/TinyTeX/texmf-dist/tex/generic/pgf/basiclayer/pgfcoreexternal.code.tex
File: pgfcoreexternal.code.tex 2025-08-29 v3.1.11a (3.1.11a)
\pgfexternal@startupbox=\box61
) (/Users/yentlcollin/Library/TinyTeX/texmf-dist/tex/generic/pgf/basiclayer/pgfcorelayers.code.tex
File: pgfcorelayers.code.tex 2025-08-29 v3.1.11a (3.1.11a)
) (/Users/yentlcollin/Library/TinyTeX/texmf-dist/tex/generic/pgf/basiclayer/pgfcoretransparency.code.tex
File: pgfcoretransparency.code.tex 2025-08-29 v3.1.11a (3.1.11a)
) (/Users/yentlcollin/Library/TinyTeX/texmf-dist/tex/generic/pgf/basiclayer/pgfcorepatterns.code.tex
File: pgfcorepatterns.code.tex 2025-08-29 v3.1.11a (3.1.11a)
) (/Users/yentlcollin/Library/TinyTeX/texmf-dist/tex/generic/pgf/basiclayer/pgfcorerdf.code.tex
File: pgfcorerdf.code.tex 2025-08-29 v3.1.11a (3.1.11a)
))) (/Users/yentlcollin/Library/TinyTeX/texmf-dist/tex/generic/pgf/modules/pgfmoduleshapes.code.tex
File: pgfmoduleshapes.code.tex 2025-08-29 v3.1.11a (3.1.11a)
\pgfnodeparttextbox=\box62
) (/Users/yentlcollin/Library/TinyTeX/texmf-dist/tex/generic/pgf/modules/pgfmoduleplot.code.tex
File: pgfmoduleplot.code.tex 2025-08-29 v3.1.11a (3.1.11a)
) (/Users/yentlcollin/Library/TinyTeX/texmf-dist/tex/latex/pgf/compatibility/pgfcomp-version-0-65.sty
Package: pgfcomp-version-0-65 2025-08-29 v3.1.11a (3.1.11a)
\pgf@nodesepstart=\dimen287
\pgf@nodesepend=\dimen288
) (/Users/yentlcollin/Library/TinyTeX/texmf-dist/tex/latex/pgf/compatibility/pgfcomp-version-1-18.sty
Package: pgfcomp-version-1-18 2025-08-29 v3.1.11a (3.1.11a)
)) (/Users/yentlcollin/Library/TinyTeX/texmf-dist/tex/latex/pgf/utilities/pgffor.sty (/Users/yentlcollin/Library/TinyTeX/texmf-dist/tex/latex/pgf/utilities/pgfkeys.sty (/Users/yentlcollin/Library/TinyTeX/texmf-dist/tex/generic/pgf/utilities/pgfkeys.code.tex)) (/Users/yentlcollin/Library/TinyTeX/texmf-dist/tex/latex/pgf/math/pgfmath.sty (/Users/yentlcollin/Library/TinyTeX/texmf-dist/tex/generic/pgf/math/pgfmath.code.tex)) (/Users/yentlcollin/Library/TinyTeX/texmf-dist/tex/generic/pgf/utilities/pgffor.code.tex
Package: pgffor 2025-08-29 v3.1.11a (3.1.11a)
\pgffor@iter=\dimen289
\pgffor@skip=\dimen290
\pgffor@stack=\toks36
\pgffor@toks=\toks37
)) (/Users/yentlcollin/Library/TinyTeX/texmf-dist/tex/generic/pgf/frontendlayer/tikz/tikz.code.tex
Package: tikz 2025-08-29 v3.1.11a (3.1.11a)
 (/Users/yentlcollin/Library/TinyTeX/texmf-dist/tex/generic/pgf/libraries/pgflibraryplothandlers.code.tex
File: pgflibraryplothandlers.code.tex 2025-08-29 v3.1.11a (3.1.11a)
\pgf@plot@mark@count=\count332
\pgfplotmarksize=\dimen291
)
\tikz@lastx=\dimen292
\tikz@lasty=\dimen293
\tikz@lastxsaved=\dimen294
\tikz@lastysaved=\dimen295
\tikz@lastmovetox=\dimen296
\tikz@lastmovetoy=\dimen297
\tikzleveldistance=\dimen298
\tikzsiblingdistance=\dimen299
\tikz@figbox=\box63
\tikz@figbox@bg=\box64
\tikz@tempbox=\box65
\tikz@tempbox@bg=\box66
\tikztreelevel=\count333
\tikznumberofchildren=\count334
\tikznumberofcurrentchild=\count335
\tikz@fig@count=\count336
 (/Users/yentlcollin/Library/TinyTeX/texmf-dist/tex/generic/pgf/modules/pgfmodulematrix.code.tex
File: pgfmodulematrix.code.tex 2025-08-29 v3.1.11a (3.1.11a)
\pgfmatrixcurrentrow=\count337
\pgfmatrixcurrentcolumn=\count338
\pgf@matrix@numberofcolumns=\count339
)
\tikz@expandcount=\count340
 (/Users/yentlcollin/Library/TinyTeX/texmf-dist/tex/generic/pgf/frontendlayer/tikz/libraries/tikzlibrarytopaths.code.tex
File: tikzlibrarytopaths.code.tex 2025-08-29 v3.1.11a (3.1.11a)
))) (/Users/yentlcollin/Library/TinyTeX/texmf-dist/tex/generic/pgf/frontendlayer/tikz/libraries/tikzlibraryshapes.geometric.code.tex
File: tikzlibraryshapes.geometric.code.tex 2025-08-29 v3.1.11a (3.1.11a)
 (/Users/yentlcollin/Library/TinyTeX/texmf-dist/tex/generic/pgf/libraries/shapes/pgflibraryshapes.geometric.code.tex
File: pgflibraryshapes.geometric.code.tex 2025-08-29 v3.1.11a (3.1.11a)
)) (/Users/yentlcollin/Library/TinyTeX/texmf-dist/tex/generic/pgf/libraries/pgflibraryarrows.meta.code.tex
File: pgflibraryarrows.meta.code.tex 2025-08-29 v3.1.11a (3.1.11a)
\pgfarrowinset=\dimen300
\pgfarrowlength=\dimen301
\pgfarrowwidth=\dimen302
\pgfarrowlinewidth=\dimen303
) (/Users/yentlcollin/Library/TinyTeX/texmf-dist/tex/generic/pgf/frontendlayer/tikz/libraries/tikzlibrarypositioning.code.tex
File: tikzlibrarypositioning.code.tex 2025-08-29 v3.1.11a (3.1.11a)
) (/Users/yentlcollin/Library/TinyTeX/texmf-dist/tex/generic/pgf/frontendlayer/tikz/libraries/tikzlibraryfit.code.tex
File: tikzlibraryfit.code.tex 2025-08-29 v3.1.11a (3.1.11a)
)
(/Users/yentlcollin/Library/TinyTeX/texmf-dist/tex/generic/pgf/frontendlayer/tikz/libraries/tikzlibrarybackgrounds.code.tex
File: tikzlibrarybackgrounds.code.tex 2025-08-29 v3.1.11a (3.1.11a)
\pgf@layerbox@background=\box67
\pgf@layerboxsaved@background=\box68
) (/Users/yentlcollin/Library/TinyTeX/texmf-dist/tex/generic/pgf/frontendlayer/tikz/libraries/tikzlibrarydecorations.pathreplacing.code.tex (/Users/yentlcollin/Library/TinyTeX/texmf-dist/tex/generic/pgf/frontendlayer/tikz/libraries/tikzlibrarydecorations.code.tex (/Users/yentlcollin/Library/TinyTeX/texmf-dist/tex/generic/pgf/modules/pgfmoduledecorations.code.tex
\pgfdecoratedcompleteddistance=\dimen304
\pgfdecoratedremainingdistance=\dimen305
\pgfdecoratedinputsegmentcompleteddistance=\dimen306
\pgfdecoratedinputsegmentremainingdistance=\dimen307
\pgf@decorate@distancetomove=\dimen308
\pgf@decorate@repeatstate=\count341
\pgfdecorationsegmentamplitude=\dimen309
\pgfdecorationsegmentlength=\dimen310
)
\tikz@lib@dec@box=\box69
) (/Users/yentlcollin/Library/TinyTeX/texmf-dist/tex/generic/pgf/libraries/decorations/pgflibrarydecorations.pathreplacing.code.tex)) (/Users/yentlcollin/Library/TinyTeX/texmf-dist/tex/latex/enumitem/enumitem.sty
Package: enumitem 2025/02/06 v3.11 Customized lists
\labelindent=\skip56
\enit@outerparindent=\dimen311
\enit@toks=\toks38
\enit@inbox=\box70
\enit@count@id=\count342
\enitdp@description=\count343
) (/Users/yentlcollin/Library/TinyTeX/texmf-dist/tex/latex/fancyhdr/fancyhdr.sty
Package: fancyhdr 2025/02/07 v5.2 Extensive control of page headers and footers
\f@nch@headwidth=\skip57
\f@nch@offset@elh=\skip58
\f@nch@offset@erh=\skip59
\f@nch@offset@olh=\skip60
\f@nch@offset@orh=\skip61
\f@nch@offset@elf=\skip62
\f@nch@offset@erf=\skip63
\f@nch@offset@olf=\skip64
\f@nch@offset@orf=\skip65
\f@nch@height=\skip66
\f@nch@footalignment=\skip67
\f@nch@widthL=\skip68
\f@nch@widthC=\skip69
\f@nch@widthR=\skip70
\@temptokenb=\toks39
) (/Users/yentlcollin/Library/TinyTeX/texmf-dist/tex/latex/titlesec/titlesec.sty
Package: titlesec 2025/01/04 v2.17 Sectioning titles
\ttl@box=\box71
\beforetitleunit=\skip71
\aftertitleunit=\skip72
\ttl@plus=\dimen312
\ttl@minus=\dimen313
\ttl@toksa=\toks40
\titlewidth=\dimen314
\titlewidthlast=\dimen315
\titlewidthfirst=\dimen316
) (/Users/yentlcollin/Library/TinyTeX/texmf-dist/tex/latex/multirow/multirow.sty
Package: multirow 2024/11/12 v2.9 Span multiple rows of a table
\multirow@colwidth=\skip73
\multirow@cntb=\count344
\multirow@dima=\skip74
\bigstrutjot=\dimen317
) (/Users/yentlcollin/Library/TinyTeX/texmf-dist/tex/latex/colortbl/colortbl.sty
Package: colortbl 2024/10/29 v1.0k Color table columns (DPC)
 (/Users/yentlcollin/Library/TinyTeX/texmf-dist/tex/latex/tools/array.sty
Package: array 2025/09/25 v2.6n Tabular extension package (FMi)
\col@sep=\dimen318
\ar@mcellbox=\box72
\extrarowheight=\dimen319
\NC@list=\toks41
\extratabsurround=\skip75
\backup@length=\skip76
\ar@cellbox=\box73
)
\everycr=\toks42
\minrowclearance=\skip77
\rownum=\count345
) (/Users/yentlcollin/Library/TinyTeX/texmf-dist/tex/latex/tcolorbox/tcolorbox.sty
Package: tcolorbox 2025/11/28 version 6.9.0 text color boxes
 (/Users/yentlcollin/Library/TinyTeX/texmf-dist/tex/latex/tools/verbatim.sty
Package: verbatim 2024-01-22 v1.5x LaTeX2e package for verbatim enhancements
\every@verbatim=\toks43
\verbatim@line=\toks44
\verbatim@in@stream=\read3
) (/Users/yentlcollin/Library/TinyTeX/texmf-dist/tex/latex/environ/environ.sty
Package: environ 2014/05/04 v0.3 A new way to define environments
 (/Users/yentlcollin/Library/TinyTeX/texmf-dist/tex/latex/trimspaces/trimspaces.sty
Package: trimspaces 2009/09/17 v1.1 Trim spaces around a token list
))
\tcb@titlebox=\box74
\tcb@upperbox=\box75
\tcb@lowerbox=\box76
\tcb@phantombox=\box77
\c@tcbbreakpart=\count346
\c@tcblayer=\count347
\c@tcolorbox@number=\count348
\l__tcobox_tmpa_box=\box78
\l__tcobox_tmpa_dim=\dimen320
\tcb@temp=\box79
\tcb@temp=\box80
\tcb@temp=\box81
\tcb@temp=\box82
) (/Users/yentlcollin/Library/TinyTeX/texmf-dist/tex/latex/tcolorbox/tcbskins.code.tex
Library (tcolorbox): 'tcbskins.code.tex' version '6.9.0'
(/Users/yentlcollin/Library/TinyTeX/texmf-dist/tex/latex/tikzfill/tikzfill.image.sty
Package: tikzfill.image 2023/08/08 v1.0.1 Image filling library for TikZ
 (/Users/yentlcollin/Library/TinyTeX/texmf-dist/tex/latex/tikzfill/tikzfill-common.sty
Package: tikzfill-common 2023/08/08 v1.0.1 Auxiliary code for tikzfill
) (/Users/yentlcollin/Library/TinyTeX/texmf-dist/tex/latex/tikzfill/tikzlibraryfill.image.code.tex
File: tikzlibraryfill.image.code.tex 2023/08/08 v1.0.1 Image filling library
\l__tikzfill_img_box=\box83
)) (/Users/yentlcollin/Library/TinyTeX/texmf-dist/tex/latex/tcolorbox/tcbskinsjigsaw.code.tex
Library (tcolorbox): 'tcbskinsjigsaw.code.tex' version '6.9.0'
)) (/Users/yentlcollin/Library/TinyTeX/texmf-dist/tex/latex/algorithms/algorithm.sty
Package: algorithm 2009/08/24 v0.1 Document Style `algorithm' - floating environment
 (/Users/yentlcollin/Library/TinyTeX/texmf-dist/tex/latex/float/float.sty
Package: float 2001/11/08 v1.3d Float enhancements (AL)
\c@float@type=\count349
\float@exts=\toks45
\float@box=\box84
\@float@everytoks=\toks46
\@floatcapt=\box85
) (/Users/yentlcollin/Library/TinyTeX/texmf-dist/tex/latex/base/ifthen.sty
Package: ifthen 2024/03/16 v1.1e Standard LaTeX ifthen package (DPC)
)
\@float@every@algorithm=\toks47
\c@algorithm=\count350
) (/Users/yentlcollin/Library/TinyTeX/texmf-dist/tex/latex/algorithmicx/algpseudocode.sty
Package: algpseudocode 
 (/Users/yentlcollin/Library/TinyTeX/texmf-dist/tex/latex/algorithmicx/algorithmicx.sty
Package: algorithmicx 2005/04/27 v1.2 Algorithmicx

Document Style algorithmicx 1.2 - a greatly improved `algorithmic' style
\c@ALG@line=\count351
\c@ALG@rem=\count352
\c@ALG@nested=\count353
\ALG@tlm=\skip78
\ALG@thistlm=\skip79
\c@ALG@Lnr=\count354
\c@ALG@blocknr=\count355
\c@ALG@storecount=\count356
\c@ALG@tmpcounter=\count357
\ALG@tmplength=\skip80
)
Document Style - pseudocode environments for use with the `algorithmicx' style
) (/Users/yentlcollin/Library/TinyTeX/texmf-dist/tex/latex/listings/listings.sty
\lst@mode=\count358
\lst@gtempboxa=\box86
\lst@token=\toks48
\lst@length=\count359
\lst@currlwidth=\dimen321
\lst@column=\count360
\lst@pos=\count361
\lst@lostspace=\dimen322
\lst@width=\dimen323
\lst@newlines=\count362
\lst@lineno=\count363
\lst@maxwidth=\dimen324
 (/Users/yentlcollin/Library/TinyTeX/texmf-dist/tex/latex/listings/lstpatch.sty
File: lstpatch.sty 2025/11/14 1.11b (Carsten Heinz)
) (/Users/yentlcollin/Library/TinyTeX/texmf-dist/tex/latex/listings/lstmisc.sty
File: lstmisc.sty 2025/11/14 1.11b (Carsten Heinz)
\c@lstnumber=\count364
\lst@skipnumbers=\count365
\lst@framebox=\box87
) (/Users/yentlcollin/Library/TinyTeX/texmf-dist/tex/latex/listings/listings.cfg
File: listings.cfg 2025/11/14 1.11b listings configuration
))
Package: listings 2025/11/14 1.11b (Carsten Heinz)

==> First Aid for listings.sty no longer applied!
    Expected:
        2024/09/23 1.10c (Carsten Heinz)
    but found:
        2025/11/14 1.11b (Carsten Heinz)
    so I'm assuming it got fixed.
(/Users/yentlcollin/Library/TinyTeX/texmf-dist/tex/latex/mdframed/mdframed.sty
Package: mdframed 2013/07/01 1.9b: mdframed
 (/Users/yentlcollin/Library/TinyTeX/texmf-dist/tex/latex/l3packages/xparse/xparse.sty (/Users/yentlcollin/Library/TinyTeX/texmf-dist/tex/latex/l3kernel/expl3.sty
Package: expl3 2026-01-19 L3 programming layer (loader) 
 (/Users/yentlcollin/Library/TinyTeX/texmf-dist/tex/latex/l3backend/l3backend-pdftex.def
File: l3backend-pdftex.def 2025-10-09 L3 backend support: PDF output (pdfTeX)
\l__color_backend_stack_int=\count366
))
Package: xparse 2025-10-09 L3 Experimental document command parser
) (/Users/yentlcollin/Library/TinyTeX/texmf-dist/tex/latex/zref/zref-abspage.sty
Package: zref-abspage 2025-06-08 v2.36 Module abspage for zref (HO)
 (/Users/yentlcollin/Library/TinyTeX/texmf-dist/tex/latex/zref/zref-base.sty
Package: zref-base 2025-06-08 v2.36 Module base for zref (HO)
 (/Users/yentlcollin/Library/TinyTeX/texmf-dist/tex/generic/etexcmds/etexcmds.sty
Package: etexcmds 2019/12/15 v1.7 Avoid name clashes with e-TeX commands (HO)
) (/Users/yentlcollin/Library/TinyTeX/texmf-dist/tex/latex/auxhook/auxhook.sty
Package: auxhook 2019-12-17 v1.6 Hooks for auxiliary files (HO)
)
Package zref Info: New property list: main on input line 767.
Package zref Info: New property: default on input line 768.
Package zref Info: New property: page on input line 769.
)
\c@abspage=\count367
Package zref Info: New property: abspage on input line 67.
) (/Users/yentlcollin/Library/TinyTeX/texmf-dist/tex/latex/needspace/needspace.sty
Package: needspace 2025/03/13 v1.3e reserve vertical space
)
\mdf@templength=\skip81
\c@mdf@globalstyle@cnt=\count368
\mdf@skipabove@length=\skip82
\mdf@skipbelow@length=\skip83
\mdf@leftmargin@length=\skip84
\mdf@rightmargin@length=\skip85
\mdf@innerleftmargin@length=\skip86
\mdf@innerrightmargin@length=\skip87
\mdf@innertopmargin@length=\skip88
\mdf@innerbottommargin@length=\skip89
\mdf@splittopskip@length=\skip90
\mdf@splitbottomskip@length=\skip91
\mdf@outermargin@length=\skip92
\mdf@innermargin@length=\skip93
\mdf@linewidth@length=\skip94
\mdf@innerlinewidth@length=\skip95
\mdf@middlelinewidth@length=\skip96
\mdf@outerlinewidth@length=\skip97
\mdf@roundcorner@length=\skip98
\mdf@footenotedistance@length=\skip99
\mdf@userdefinedwidth@length=\skip100
\mdf@needspace@length=\skip101
\mdf@frametitleaboveskip@length=\skip102
\mdf@frametitlebelowskip@length=\skip103
\mdf@frametitlerulewidth@length=\skip104
\mdf@frametitleleftmargin@length=\skip105
\mdf@frametitlerightmargin@length=\skip106
\mdf@shadowsize@length=\skip107
\mdf@extratopheight@length=\skip108
\mdf@subtitleabovelinewidth@length=\skip109
\mdf@subtitlebelowlinewidth@length=\skip110
\mdf@subtitleaboveskip@length=\skip111
\mdf@subtitlebelowskip@length=\skip112
\mdf@subtitleinneraboveskip@length=\skip113
\mdf@subtitleinnerbelowskip@length=\skip114
\mdf@subsubtitleabovelinewidth@length=\skip115
\mdf@subsubtitlebelowlinewidth@length=\skip116
\mdf@subsubtitleaboveskip@length=\skip117
\mdf@subsubtitlebelowskip@length=\skip118
\mdf@subsubtitleinneraboveskip@length=\skip119
\mdf@subsubtitleinnerbelowskip@length=\skip120
 (/Users/yentlcollin/Library/TinyTeX/texmf-dist/tex/latex/mdframed/md-frame-0.mdf
File: md-frame-0.mdf 2013/07/01\ 1.9b: md-frame-0
)
\mdf@frametitlebox=\box88
\mdf@footnotebox=\box89
\mdf@splitbox@one=\box90
\mdf@splitbox@two=\box91
\mdf@splitbox@save=\box92
\mdfsplitboxwidth=\skip121
\mdfsplitboxtotalwidth=\skip122
\mdfsplitboxheight=\skip123
\mdfsplitboxdepth=\skip124
\mdfsplitboxtotalheight=\skip125
\mdfframetitleboxwidth=\skip126
\mdfframetitleboxtotalwidth=\skip127
\mdfframetitleboxheight=\skip128
\mdfframetitleboxdepth=\skip129
\mdfframetitleboxtotalheight=\skip130
\mdffootnoteboxwidth=\skip131
\mdffootnoteboxtotalwidth=\skip132
\mdffootnoteboxheight=\skip133
\mdffootnoteboxdepth=\skip134
\mdffootnoteboxtotalheight=\skip135
\mdftotallinewidth=\skip136
\mdfboundingboxwidth=\skip137
\mdfboundingboxtotalwidth=\skip138
\mdfboundingboxheight=\skip139
\mdfboundingboxdepth=\skip140
\mdfboundingboxtotalheight=\skip141
\mdf@freevspace@length=\skip142
\mdf@horizontalwidthofbox@length=\skip143
\mdf@verticalmarginwhole@length=\skip144
\mdf@horizontalspaceofbox=\skip145
\mdfsubtitleheight=\skip146
\mdfsubsubtitleheight=\skip147
\c@mdfcountframes=\count369

****** mdframed patching \endmdf@trivlist

****** -- success******

\mdf@envdepth=\count370
\c@mdf@env@i=\count371
\c@mdf@env@ii=\count372
\c@mdf@zref@counter=\count373
Package zref Info: New property: mdf@pagevalue on input line 895.
) (/Users/yentlcollin/Library/TinyTeX/texmf-dist/tex/latex/placeins/placeins.sty
Package: placeins 2005/04/18  v 2.2
)
Package hyperref Info: Option `colorlinks' set `true' on input line 62.
 (/Users/yentlcollin/Library/TinyTeX/texmf-dist/tex/latex/listings/lstlang1.sty
File: lstlang1.sty 2025/11/14 1.11b listings language file
)
LaTeX Font Info:    Trying to load font information for OT1+lmr on input line 104.
 (/Users/yentlcollin/Library/TinyTeX/texmf-dist/tex/latex/lm/ot1lmr.fd
File: ot1lmr.fd 2015/05/01 v1.6.1 Font defs for Latin Modern
) (./nsa_report.aux)
\openout1 = `nsa_report.aux'.

LaTeX Font Info:    Checking defaults for OML/cmm/m/it on input line 104.
LaTeX Font Info:    ... okay on input line 104.
LaTeX Font Info:    Checking defaults for OMS/cmsy/m/n on input line 104.
LaTeX Font Info:    ... okay on input line 104.
LaTeX Font Info:    Checking defaults for OT1/cmr/m/n on input line 104.
LaTeX Font Info:    ... okay on input line 104.
LaTeX Font Info:    Checking defaults for T1/cmr/m/n on input line 104.
LaTeX Font Info:    ... okay on input line 104.
LaTeX Font Info:    Checking defaults for TS1/cmr/m/n on input line 104.
LaTeX Font Info:    ... okay on input line 104.
LaTeX Font Info:    Checking defaults for OMX/cmex/m/n on input line 104.
LaTeX Font Info:    ... okay on input line 104.
LaTeX Font Info:    Checking defaults for U/cmr/m/n on input line 104.
LaTeX Font Info:    ... okay on input line 104.
LaTeX Font Info:    Checking defaults for PD1/pdf/m/n on input line 104.
LaTeX Font Info:    ... okay on input line 104.
LaTeX Font Info:    Checking defaults for PU/pdf/m/n on input line 104.
LaTeX Font Info:    ... okay on input line 104.

*geometry* driver: auto-detecting
*geometry* detected driver: pdftex
*geometry* verbose mode - [ preamble ] result:
* driver: pdftex
* paper: <default>
* layout: <same size as paper>
* layoutoffset:(h,v)=(0.0pt,0.0pt)
* modes: 
* h-part:(L,W,R)=(46.94687pt, 520.40126pt, 46.94687pt)
* v-part:(T,H,B)=(51.21504pt, 692.5399pt, 51.21504pt)
* \paperwidth=614.295pt
* \paperheight=794.96999pt
* \textwidth=520.40126pt
* \textheight=692.5399pt
* \oddsidemargin=-25.32312pt
* \evensidemargin=-25.32312pt
* \topmargin=-58.05495pt
* \headheight=12.0pt
* \headsep=25.0pt
* \topskip=10.0pt
* \footskip=30.0pt
* \marginparwidth=4.0pt
* \marginparsep=10.0pt
* \columnsep=16.0pt
* \skip\footins=9.0pt plus 4.0pt minus 2.0pt
* \hoffset=0.0pt
* \voffset=0.0pt
* \mag=1000
* \@twocolumntrue
* \@twosidefalse
* \@mparswitchfalse
* \@reversemarginfalse
* (1in=72.27pt=25.4mm, 1cm=28.453pt)

(/Users/yentlcollin/Library/TinyTeX/texmf-dist/tex/latex/epstopdf-pkg/epstopdf-base.sty
Package: epstopdf-base 2020-01-24 v2.11 Base part for package epstopdf
 (/Users/yentlcollin/Library/TinyTeX/texmf-dist/tex/latex/grfext/grfext.sty
Package: grfext 2019/12/03 v1.3 Manage graphics extensions (HO)
)
Package epstopdf-base Info: Redefining graphics rule for `.eps' on input line 485.
Package grfext Info: Graphics extension search list:
(grfext)             [.pdf,.png,.jpg,.mps,.jpeg,.jbig2,.jb2,.PDF,.PNG,.JPG,.JPEG,.JBIG2,.JB2,.eps]
(grfext)             \AppendGraphicsExtensions on input line 504.
 (/Users/yentlcollin/Library/TinyTeX/texmf-dist/tex/latex/latexconfig/epstopdf-sys.cfg
File: epstopdf-sys.cfg 2010/07/13 v1.3 Configuration of (r)epstopdf for TeX Live
))
Package hyperref Info: Link coloring ON on input line 104.
 (./nsa_report.out) (./nsa_report.out)
\@outlinefile=\write4
\openout4 = `nsa_report.out'.

LaTeX Info: Redefining \microtypecontext on input line 104.
Package microtype Info: Applying patch `item' on input line 104.
Package microtype Info: Applying patch `toc' on input line 104.
Package microtype Info: Applying patch `eqnum' on input line 104.
Package microtype Info: Applying patch `footnote' on input line 104.
Package microtype Info: Applying patch `verbatim' on input line 104.
LaTeX Info: Redefining \microtypesetup on input line 104.
Package microtype Info: Generating PDF output.
Package microtype Info: Character protrusion enabled (level 2).
Package microtype Info: Using default protrusion set `alltext'.
Package microtype Info: Automatic font expansion enabled (level 2),
(microtype)             stretch: 20, shrink: 20, step: 1, non-selected.
Package microtype Info: Using default expansion set `alltext-nott'.
Package microtype Info: Patching command `\showhyphens'.
Package microtype Info: No adjustment of tracking.
Package microtype Info: No adjustment of interword spacing.
Package microtype Info: No adjustment of character kerning.
 (/Users/yentlcollin/Library/TinyTeX/texmf-dist/tex/latex/microtype/mt-cmr.cfg
File: mt-cmr.cfg 2013/05/19 v2.2 microtype config. file: Computer Modern Roman (RS)
)
Package caption Info: Begin \AtBeginDocument code.
Package caption Info: float package is loaded.
Package caption Info: listings package is loaded.
Package caption Info: End \AtBeginDocument code.
\c@lstlisting=\count374
LaTeX Font Info:    Trying to load font information for OT1+lmtt on input line 139.
 (/Users/yentlcollin/Library/TinyTeX/texmf-dist/tex/latex/lm/ot1lmtt.fd
File: ot1lmtt.fd 2015/05/01 v1.6.1 Font defs for Latin Modern
)
LaTeX Font Info:    Trying to load font information for OML+lmm on input line 139.
 (/Users/yentlcollin/Library/TinyTeX/texmf-dist/tex/latex/lm/omllmm.fd
File: omllmm.fd 2015/05/01 v1.6.1 Font defs for Latin Modern
)
LaTeX Font Info:    Trying to load font information for OMS+lmsy on input line 139.
 (/Users/yentlcollin/Library/TinyTeX/texmf-dist/tex/latex/lm/omslmsy.fd
File: omslmsy.fd 2015/05/01 v1.6.1 Font defs for Latin Modern
)
LaTeX Font Info:    Trying to load font information for OMX+lmex on input line 139.
 (/Users/yentlcollin/Library/TinyTeX/texmf-dist/tex/latex/lm/omxlmex.fd
File: omxlmex.fd 2015/05/01 v1.6.1 Font defs for Latin Modern
)
LaTeX Font Info:    External font `lmex10' loaded for size
(Font)              <9> on input line 139.
LaTeX Font Info:    External font `lmex10' loaded for size
(Font)              <6> on input line 139.
LaTeX Font Info:    External font `lmex10' loaded for size
(Font)              <5> on input line 139.
LaTeX Font Info:    Trying to load font information for U+msa on input line 139.
 (/Users/yentlcollin/Library/TinyTeX/texmf-dist/tex/latex/amsfonts/umsa.fd
File: umsa.fd 2013/01/14 v3.01 AMS symbols A
) (/Users/yentlcollin/Library/TinyTeX/texmf-dist/tex/latex/microtype/mt-msa.cfg
File: mt-msa.cfg 2006/02/04 v1.1 microtype config. file: AMS symbols (a) (RS)
)
LaTeX Font Info:    Trying to load font information for U+msb on input line 139.
 (/Users/yentlcollin/Library/TinyTeX/texmf-dist/tex/latex/amsfonts/umsb.fd
File: umsb.fd 2013/01/14 v3.01 AMS symbols B
) (/Users/yentlcollin/Library/TinyTeX/texmf-dist/tex/latex/microtype/mt-msb.cfg
File: mt-msb.cfg 2005/06/01 v1.0 microtype config. file: AMS symbols (b) (RS)
)
LaTeX Font Info:    External font `lmex10' loaded for size
(Font)              <10> on input line 139.
LaTeX Font Info:    External font `lmex10' loaded for size
(Font)              <7> on input line 139.
LaTeX Font Info:    Trying to load font information for TS1+lmr on input line 169.
 (/Users/yentlcollin/Library/TinyTeX/texmf-dist/tex/latex/lm/ts1lmr.fd
File: ts1lmr.fd 2015/05/01 v1.6.1 Font defs for Latin Modern
)
LaTeX Font Info:    External font `lmex10' loaded for size
(Font)              <8> on input line 199.
 [1{/Users/yentlcollin/Library/TinyTeX/texmf-var/fonts/map/pdftex/updmap/pdftex.map}{/Users/yentlcollin/Library/TinyTeX/texmf-dist/fonts/enc/dvips/lm/lm-rm.enc}{/Users/yentlcollin/Library/TinyTeX/texmf-dist/fonts/enc/dvips/lm/lm-rmtt.enc}{/Users/yentlcollin/Library/TinyTeX/texmf-dist/fonts/enc/dvips/lm/lm-mathsy.enc}{/Users/yentlcollin/Library/TinyTeX/texmf-dist/fonts/enc/dvips/lm/lm-mathit.enc}


{/Users/yentlcollin/Library/TinyTeX/texmf-dist/fonts/enc/dvips/lm/lm-ts1.enc}]
Overfull \hbox (9.07426pt too wide) in paragraph at lines 263--273
 [][] 
 []


Overfull \hbox (1.09001pt too wide) detected at line 308
[][] \OMS/lmsy/m/n/10 ^^Y \OML/lmm/m/it/10 d;  [][] \OMS/lmsy/m/n/10 ^^Y \OT1/lmr/m/n/10 7\OML/lmm/m/it/10 n;  [][] \OT1/lmr/m/n/10 = \OML/lmm/m/it/10 O\OT1/lmr/m/n/10 (\OML/lmm/m/it/10 n[]\OT1/lmr/m/n/10 )\OML/lmm/m/it/10 :
 []

[2]
<axe2_fig1.png, id=155, 1431.54825pt x 425.1885pt>
File: axe2_fig1.png Graphic file (type png)
<use axe2_fig1.png>
Package pdftex.def Info: axe2_fig1.png  used on input line 371.
(pdftex.def)             Requested size: 252.20062pt x 74.90218pt.
<axe2_fig3.png, id=157, 1150.2975pt x 495.65175pt>
File: axe2_fig3.png Graphic file (type png)
<use axe2_fig3.png>
Package pdftex.def Info: axe2_fig3.png  used on input line 414.
(pdftex.def)             Requested size: 252.20062pt x 108.66556pt.


Package hyperref Warning: Token not allowed in a PDF string (Unicode):
(hyperref)                removing `\leavevmode@ifvmode' on input line 453.


Package hyperref Warning: Token not allowed in a PDF string (Unicode):
(hyperref)                \kern 1.66702pt
(hyperref)                removed on input line 453.


Underfull \hbox (badness 10000) in paragraph at lines 459--461
[]\OT1/lmr/bx/n/10 (+20) Needle: \OT1/lmr/m/n/10 (+20) 4-token se-quence
 []


Underfull \hbox (badness 7081) in paragraph at lines 465--467
[]\OT1/lmr/bx/n/10 (+20) Query: \OT1/lmr/m/n/10 (+20) fixed suf-fix \OT1/lmtt/m/n/10 [<sep> Que fait Mathieu
 []


LaTeX Warning: `h' float specifier changed to `ht'.

<axe5_niah_fig2.png, id=158, 1076.823pt x 306.4248pt>
File: axe5_niah_fig2.png Graphic file (type png)
<use axe5_niah_fig2.png>
Package pdftex.def Info: axe5_niah_fig2.png  used on input line 515.
(pdftex.def)             Requested size: 252.20062pt x 71.7667pt.

LaTeX Warning: `h' float specifier changed to `ht'.

[3 <./axe2_fig1.png> <./axe2_fig3.png>]
Underfull \vbox (badness 10000) has occurred while \output is active []

 [4 <./axe5_niah_fig2.png>]
<axe6_wiki_fig1.png, id=176, 867.24pt x 361.35pt>
File: axe6_wiki_fig1.png Graphic file (type png)
<use axe6_wiki_fig1.png>
Package pdftex.def Info: axe6_wiki_fig1.png  used on input line 609.
(pdftex.def)             Requested size: 252.20062pt x 105.08104pt.
<axe6_wiki_fig2.png, id=177, 867.24pt x 361.35pt>
File: axe6_wiki_fig2.png Graphic file (type png)
<use axe6_wiki_fig2.png>
Package pdftex.def Info: axe6_wiki_fig2.png  used on input line 619.
(pdftex.def)             Requested size: 252.20062pt x 105.08104pt.

Underfull \hbox (badness 10000) in paragraph at lines 696--699
\OT1/lmr/m/it/9 (+20) Aligned and Na-tively Train-able Sparse At-ten-tion\OT1/lmr/m/n/9 (+20) ,
 []

[5 <./axe6_wiki_fig1.png> <./axe6_wiki_fig2.png>]
Underfull \hbox (badness 2961) in paragraph at lines 731--734
[]\OT1/lmr/m/n/9 (+20) S. Mer-ity et al., \OT1/lmr/m/it/9 (+20) Pointer Sen-tinel Mix-ture Mod-els\OT1/lmr/m/n/9 (+20) ,
 []

[6

] (./nsa_report.aux)
 ***********
LaTeX2e <2025-11-01>
L3 programming layer <2026-01-19>
 ***********
Package rerunfilecheck Info: File `nsa_report.out' has not changed.
(rerunfilecheck)             Checksum: 25374A5355ADE82A622A68A91BD47E10;4286.
 ) 
Here is how much of TeX's memory you used:
 33309 strings out of 469515
 658363 string characters out of 5469038
 1313450 words of memory out of 5000000
 61143 multiletter control sequences out of 15000+600000
 686709 words of font info for 191 fonts, out of 8000000 for 9000
 14 hyphenation exceptions out of 8191
 84i,13n,94p,1007b,778s stack positions out of 10000i,1000n,20000p,200000b,200000s
</Users/yentlcollin/Library/TinyTeX/texmf-dist/fonts/type1/public/lm/lmbx10.pfb></Users/yentlcollin/Library/TinyTeX/texmf-dist/fonts/type1/public/lm/lmbx12.pfb></Users/yentlcollin/Library/TinyTeX/texmf-dist/fonts/type1/public/lm/lmbx9.pfb></Users/yentlcollin/Library/TinyTeX/texmf-dist/fonts/type1/public/lm/lmmi10.pfb></Users/yentlcollin/Library/TinyTeX/texmf-dist/fonts/type1/public/lm/lmmi5.pfb></Users/yentlcollin/Library/TinyTeX/texmf-dist/fonts/type1/public/lm/lmmi6.pfb></Users/yentlcollin/Library/TinyTeX/texmf-dist/fonts/type1/public/lm/lmmi7.pfb></Users/yentlcollin/Library/TinyTeX/texmf-dist/fonts/type1/public/lm/lmmi8.pfb></Users/yentlcollin/Library/TinyTeX/texmf-dist/fonts/type1/public/lm/lmmi9.pfb></Users/yentlcollin/Library/TinyTeX/texmf-dist/fonts/type1/public/lm/lmr10.pfb></Users/yentlcollin/Library/TinyTeX/texmf-dist/fonts/type1/public/lm/lmr12.pfb></Users/yentlcollin/Library/TinyTeX/texmf-dist/fonts/type1/public/lm/lmr6.pfb></Users/yentlcollin/Library/TinyTeX/texmf-dist/fonts/type1/public/lm/lmr7.pfb></Users/yentlcollin/Library/TinyTeX/texmf-dist/fonts/type1/public/lm/lmr8.pfb></Users/yentlcollin/Library/TinyTeX/texmf-dist/fonts/type1/public/lm/lmr9.pfb></Users/yentlcollin/Library/TinyTeX/texmf-dist/fonts/type1/public/lm/lmri10.pfb></Users/yentlcollin/Library/TinyTeX/texmf-dist/fonts/type1/public/lm/lmri9.pfb></Users/yentlcollin/Library/TinyTeX/texmf-dist/fonts/type1/public/lm/lmsy10.pfb></Users/yentlcollin/Library/TinyTeX/texmf-dist/fonts/type1/public/lm/lmsy6.pfb></Users/yentlcollin/Library/TinyTeX/texmf-dist/fonts/type1/public/lm/lmsy7.pfb></Users/yentlcollin/Library/TinyTeX/texmf-dist/fonts/type1/public/lm/lmsy8.pfb></Users/yentlcollin/Library/TinyTeX/texmf-dist/fonts/type1/public/lm/lmsy9.pfb></Users/yentlcollin/Library/TinyTeX/texmf-dist/fonts/type1/public/lm/lmtt10.pfb></Users/yentlcollin/Library/TinyTeX/texmf-dist/fonts/type1/public/lm/lmtt9.pfb></Users/yentlcollin/Library/TinyTeX/texmf-dist/fonts/type1/public/amsfonts/symbols/msam10.pfb></Users/yentlcollin/Library/TinyTeX/texmf-dist/fonts/type1/public/amsfonts/symbols/msbm10.pfb>
Output written on nsa_report.pdf (6 pages, 983882 bytes).
PDF statistics:
 329 PDF objects out of 1000 (max. 8388607)
 255 compressed objects within 3 object streams
 54 named destinations out of 1000 (max. 500000)
 30958 words of extra memory for PDF output out of 35830 (max. 10000000)

